<?xml version="1.0" encoding="UTF-8"?>
<!-- Generated by org.testng.reporters.JUnitXMLReporter -->
<testsuite ignored="0" hostname="cecilys-MBP" failures="0" tests="5" name="Default test" time="2.158" errors="0" timestamp="2023-11-20T20:09:26 PST">
  <testcase classname="userAPITest.UserAPIGetTest" name="testWithBlankId" time="1.057"/>
  <testcase classname="userAPITest.UserAPIGetTest" name="testWithCorrectUserId" time="0.118"/>
  <testcase classname="userAPITest.UserAPIGetTest" name="testWithLockedId" time="0.001"/>
  <testcase classname="userAPITest.UserAPIGetTest" name="testWithNonExistingtUserId" time="0.417"/>
  <testcase classname="userAPITest.UserAPIGetTest" name="testWithSpecialChar" time="0.46"/>
</testsuite> <!-- Default test -->
