<?xml version="1.0" encoding="UTF-8"?>
<testng-results ignored="0" total="1" passed="1" failed="0" skipped="0">
  <reporter-output>
  </reporter-output>
  <suite started-at="2023-12-13T10:36:57 PST" name="Suite" finished-at="2023-12-13T10:37:10 PST" duration-ms="13000">
    <groups>
    </groups>
    <test started-at="2023-12-13T10:36:57 PST" name="Test" finished-at="2023-12-13T10:37:10 PST" duration-ms="13000">
      <class name="TestNgDemo.Introduction">
        <test-method signature="test1()[pri:0, instance:TestNgDemo.Introduction@3646a422]" started-at="2023-12-13T10:36:57 PST" name="test1" finished-at="2023-12-13T10:37:10 PST" duration-ms="12941" status="PASS">
          <reporter-output>
          </reporter-output>
        </test-method> <!-- test1 -->
      </class> <!-- TestNgDemo.Introduction -->
    </test> <!-- Test -->
  </suite> <!-- Suite -->
</testng-results>
